2021-02-16 16:34:20,818 DEBUG    root            Loaded Command Group: ['gcloud', 'components']
2021-02-16 16:34:20,822 DEBUG    root            Loaded Command Group: ['gcloud', 'components', 'update']
2021-02-16 16:34:20,825 DEBUG    root            Running [gcloud.components.update] with arguments: [--allow-no-backup: "True", --quiet: "True", COMPONENT-IDS:7: "['core', 'gcloud-deps', 'bq', 'gcloud', 'gsutil', 'anthoscli', 'kuberun']"]
2021-02-16 16:34:20,830 INFO     ___FILE_ONLY___ Beginning update. This process may take several minutes.

2021-02-16 16:34:32,906 INFO     ___FILE_ONLY___ 

2021-02-16 16:34:32,907 INFO     ___FILE_ONLY___ 
Your current Cloud SDK version is: 328.0.0

2021-02-16 16:34:32,907 INFO     ___FILE_ONLY___ Installing components from version: 328.0.0

2021-02-16 16:34:32,907 INFO     ___FILE_ONLY___ 

2021-02-16 16:34:33,091 INFO     ___FILE_ONLY___ ┌─────────────────────────────────────────────────────────────────────────────┐
2021-02-16 16:34:33,091 INFO     ___FILE_ONLY___ 

2021-02-16 16:34:33,092 INFO     ___FILE_ONLY___ │                     These components will be installed.                     │
2021-02-16 16:34:33,092 INFO     ___FILE_ONLY___ 

2021-02-16 16:34:33,092 INFO     ___FILE_ONLY___ ├─────────────────────────────────────────────────────┬────────────┬──────────┤
2021-02-16 16:34:33,092 INFO     ___FILE_ONLY___ 

2021-02-16 16:34:33,092 INFO     ___FILE_ONLY___ │                         Name                        │  Version   │   Size   │
2021-02-16 16:34:33,092 INFO     ___FILE_ONLY___ 

2021-02-16 16:34:33,092 INFO     ___FILE_ONLY___ ├─────────────────────────────────────────────────────┼────────────┼──────────┤
2021-02-16 16:34:33,092 INFO     ___FILE_ONLY___ 

2021-02-16 16:34:33,092 INFO     ___FILE_ONLY___ │ 
2021-02-16 16:34:33,093 INFO     ___FILE_ONLY___ BigQuery Command Line Tool                         
2021-02-16 16:34:33,093 INFO     ___FILE_ONLY___  
2021-02-16 16:34:33,093 INFO     ___FILE_ONLY___ │ 
2021-02-16 16:34:33,093 INFO     ___FILE_ONLY___     2.0.65
2021-02-16 16:34:33,093 INFO     ___FILE_ONLY___  
2021-02-16 16:34:33,093 INFO     ___FILE_ONLY___ │ 
2021-02-16 16:34:33,093 INFO     ___FILE_ONLY___  < 1 MiB
2021-02-16 16:34:33,093 INFO     ___FILE_ONLY___  
2021-02-16 16:34:33,093 INFO     ___FILE_ONLY___ │
2021-02-16 16:34:33,093 INFO     ___FILE_ONLY___ 

2021-02-16 16:34:33,093 INFO     ___FILE_ONLY___ │ 
2021-02-16 16:34:33,094 INFO     ___FILE_ONLY___ BigQuery Command Line Tool (Platform Specific)     
2021-02-16 16:34:33,094 INFO     ___FILE_ONLY___  
2021-02-16 16:34:33,094 INFO     ___FILE_ONLY___ │ 
2021-02-16 16:34:33,094 INFO     ___FILE_ONLY___     2.0.64
2021-02-16 16:34:33,094 INFO     ___FILE_ONLY___  
2021-02-16 16:34:33,094 INFO     ___FILE_ONLY___ │ 
2021-02-16 16:34:33,094 INFO     ___FILE_ONLY___  < 1 MiB
2021-02-16 16:34:33,094 INFO     ___FILE_ONLY___  
2021-02-16 16:34:33,094 INFO     ___FILE_ONLY___ │
2021-02-16 16:34:33,094 INFO     ___FILE_ONLY___ 

2021-02-16 16:34:33,094 INFO     ___FILE_ONLY___ │ 
2021-02-16 16:34:33,094 INFO     ___FILE_ONLY___ Cloud SDK Core Libraries (Platform Specific)       
2021-02-16 16:34:33,095 INFO     ___FILE_ONLY___  
2021-02-16 16:34:33,095 INFO     ___FILE_ONLY___ │ 
2021-02-16 16:34:33,095 INFO     ___FILE_ONLY___ 2021.02.05
2021-02-16 16:34:33,095 INFO     ___FILE_ONLY___  
2021-02-16 16:34:33,095 INFO     ___FILE_ONLY___ │ 
2021-02-16 16:34:33,095 INFO     ___FILE_ONLY___  < 1 MiB
2021-02-16 16:34:33,095 INFO     ___FILE_ONLY___  
2021-02-16 16:34:33,095 INFO     ___FILE_ONLY___ │
2021-02-16 16:34:33,095 INFO     ___FILE_ONLY___ 

2021-02-16 16:34:33,095 INFO     ___FILE_ONLY___ │ 
2021-02-16 16:34:33,095 INFO     ___FILE_ONLY___ Cloud Storage Command Line Tool                    
2021-02-16 16:34:33,096 INFO     ___FILE_ONLY___  
2021-02-16 16:34:33,096 INFO     ___FILE_ONLY___ │ 
2021-02-16 16:34:33,096 INFO     ___FILE_ONLY___       4.59
2021-02-16 16:34:33,096 INFO     ___FILE_ONLY___  
2021-02-16 16:34:33,096 INFO     ___FILE_ONLY___ │ 
2021-02-16 16:34:33,096 INFO     ___FILE_ONLY___  3.9 MiB
2021-02-16 16:34:33,096 INFO     ___FILE_ONLY___  
2021-02-16 16:34:33,096 INFO     ___FILE_ONLY___ │
2021-02-16 16:34:33,096 INFO     ___FILE_ONLY___ 

2021-02-16 16:34:33,096 INFO     ___FILE_ONLY___ │ 
2021-02-16 16:34:33,096 INFO     ___FILE_ONLY___ Cloud Storage Command Line Tool (Platform Specific)
2021-02-16 16:34:33,097 INFO     ___FILE_ONLY___  
2021-02-16 16:34:33,097 INFO     ___FILE_ONLY___ │ 
2021-02-16 16:34:33,097 INFO     ___FILE_ONLY___       4.58
2021-02-16 16:34:33,097 INFO     ___FILE_ONLY___  
2021-02-16 16:34:33,097 INFO     ___FILE_ONLY___ │ 
2021-02-16 16:34:33,097 INFO     ___FILE_ONLY___  < 1 MiB
2021-02-16 16:34:33,097 INFO     ___FILE_ONLY___  
2021-02-16 16:34:33,097 INFO     ___FILE_ONLY___ │
2021-02-16 16:34:33,097 INFO     ___FILE_ONLY___ 

2021-02-16 16:34:33,097 INFO     ___FILE_ONLY___ │ 
2021-02-16 16:34:33,097 INFO     ___FILE_ONLY___ Kuberun                                            
2021-02-16 16:34:33,097 INFO     ___FILE_ONLY___  
2021-02-16 16:34:33,098 INFO     ___FILE_ONLY___ │ 
2021-02-16 16:34:33,098 INFO     ___FILE_ONLY___      0.0.9
2021-02-16 16:34:33,098 INFO     ___FILE_ONLY___  
2021-02-16 16:34:33,098 INFO     ___FILE_ONLY___ │ 
2021-02-16 16:34:33,098 INFO     ___FILE_ONLY___ 22.7 MiB
2021-02-16 16:34:33,098 INFO     ___FILE_ONLY___  
2021-02-16 16:34:33,098 INFO     ___FILE_ONLY___ │
2021-02-16 16:34:33,098 INFO     ___FILE_ONLY___ 

2021-02-16 16:34:33,098 INFO     ___FILE_ONLY___ │ 
2021-02-16 16:34:33,098 INFO     ___FILE_ONLY___ anthoscli                                          
2021-02-16 16:34:33,098 INFO     ___FILE_ONLY___  
2021-02-16 16:34:33,099 INFO     ___FILE_ONLY___ │ 
2021-02-16 16:34:33,099 INFO     ___FILE_ONLY___      0.2.7
2021-02-16 16:34:33,099 INFO     ___FILE_ONLY___  
2021-02-16 16:34:33,099 INFO     ___FILE_ONLY___ │ 
2021-02-16 16:34:33,099 INFO     ___FILE_ONLY___ 51.7 MiB
2021-02-16 16:34:33,099 INFO     ___FILE_ONLY___  
2021-02-16 16:34:33,099 INFO     ___FILE_ONLY___ │
2021-02-16 16:34:33,099 INFO     ___FILE_ONLY___ 

2021-02-16 16:34:33,099 INFO     ___FILE_ONLY___ │ 
2021-02-16 16:34:33,099 INFO     ___FILE_ONLY___ gcloud cli dependencies                            
2021-02-16 16:34:33,099 INFO     ___FILE_ONLY___  
2021-02-16 16:34:33,099 INFO     ___FILE_ONLY___ │ 
2021-02-16 16:34:33,100 INFO     ___FILE_ONLY___ 2020.06.12
2021-02-16 16:34:33,100 INFO     ___FILE_ONLY___  
2021-02-16 16:34:33,100 INFO     ___FILE_ONLY___ │ 
2021-02-16 16:34:33,100 INFO     ___FILE_ONLY___  < 1 MiB
2021-02-16 16:34:33,100 INFO     ___FILE_ONLY___  
2021-02-16 16:34:33,100 INFO     ___FILE_ONLY___ │
2021-02-16 16:34:33,100 INFO     ___FILE_ONLY___ 

2021-02-16 16:34:33,100 INFO     ___FILE_ONLY___ └─────────────────────────────────────────────────────┴────────────┴──────────┘
2021-02-16 16:34:33,100 INFO     ___FILE_ONLY___ 

2021-02-16 16:34:33,100 INFO     ___FILE_ONLY___ 

2021-02-16 16:34:33,201 INFO     ___FILE_ONLY___ For the latest full release notes, please visit:
  https://cloud.google.com/sdk/release_notes


2021-02-16 16:34:33,206 INFO     ___FILE_ONLY___ ╔════════════════════════════════════════════════════════════╗

2021-02-16 16:34:33,206 INFO     ___FILE_ONLY___ ╠═ Creating update staging area                             ═╣

2021-02-16 16:34:33,207 INFO     ___FILE_ONLY___ ╚
2021-02-16 16:34:33,207 INFO     ___FILE_ONLY___ ══════
2021-02-16 16:34:33,207 INFO     ___FILE_ONLY___ ══════
2021-02-16 16:34:33,207 INFO     ___FILE_ONLY___ ══════
2021-02-16 16:34:33,443 INFO     ___FILE_ONLY___ ═
2021-02-16 16:34:33,485 INFO     ___FILE_ONLY___ ═
2021-02-16 16:34:33,525 INFO     ___FILE_ONLY___ ═
2021-02-16 16:34:33,578 INFO     ___FILE_ONLY___ ═
2021-02-16 16:34:33,629 INFO     ___FILE_ONLY___ ═
2021-02-16 16:34:33,667 INFO     ___FILE_ONLY___ ═
2021-02-16 16:34:33,713 INFO     ___FILE_ONLY___ ═
2021-02-16 16:34:33,760 INFO     ___FILE_ONLY___ ═
2021-02-16 16:34:33,794 INFO     ___FILE_ONLY___ ═
2021-02-16 16:34:33,832 INFO     ___FILE_ONLY___ ═
2021-02-16 16:34:33,866 INFO     ___FILE_ONLY___ ═
2021-02-16 16:34:33,909 INFO     ___FILE_ONLY___ ═
2021-02-16 16:34:33,956 INFO     ___FILE_ONLY___ ═
2021-02-16 16:34:33,990 INFO     ___FILE_ONLY___ ═
2021-02-16 16:34:34,102 INFO     ___FILE_ONLY___ ═
2021-02-16 16:34:34,258 INFO     ___FILE_ONLY___ ═
2021-02-16 16:34:34,318 INFO     ___FILE_ONLY___ ═
2021-02-16 16:34:34,345 INFO     ___FILE_ONLY___ ═
2021-02-16 16:34:34,366 INFO     ___FILE_ONLY___ ═
2021-02-16 16:34:34,388 INFO     ___FILE_ONLY___ ═
2021-02-16 16:34:34,409 INFO     ___FILE_ONLY___ ═
2021-02-16 16:34:34,432 INFO     ___FILE_ONLY___ ═
2021-02-16 16:34:34,451 INFO     ___FILE_ONLY___ ═
2021-02-16 16:34:34,472 INFO     ___FILE_ONLY___ ═
2021-02-16 16:34:34,504 INFO     ___FILE_ONLY___ ═
2021-02-16 16:34:34,561 INFO     ___FILE_ONLY___ ═
2021-02-16 16:34:34,619 INFO     ___FILE_ONLY___ ═
2021-02-16 16:34:34,659 INFO     ___FILE_ONLY___ ═
2021-02-16 16:34:34,693 INFO     ___FILE_ONLY___ ═
2021-02-16 16:34:34,736 INFO     ___FILE_ONLY___ ═
2021-02-16 16:34:34,807 INFO     ___FILE_ONLY___ ═
2021-02-16 16:34:34,851 INFO     ___FILE_ONLY___ ═
2021-02-16 16:34:34,898 INFO     ___FILE_ONLY___ ═
2021-02-16 16:34:34,953 INFO     ___FILE_ONLY___ ═
2021-02-16 16:34:34,995 INFO     ___FILE_ONLY___ ═
2021-02-16 16:34:35,044 INFO     ___FILE_ONLY___ ═
2021-02-16 16:34:35,101 INFO     ___FILE_ONLY___ ═
2021-02-16 16:34:35,143 INFO     ___FILE_ONLY___ ═
2021-02-16 16:34:35,186 INFO     ___FILE_ONLY___ ═
2021-02-16 16:34:35,212 INFO     ___FILE_ONLY___ ═
2021-02-16 16:34:35,252 INFO     ___FILE_ONLY___ ═
2021-02-16 16:34:35,294 INFO     ___FILE_ONLY___ ═
2021-02-16 16:34:35,295 INFO     ___FILE_ONLY___ ╝

2021-02-16 16:34:35,380 INFO     ___FILE_ONLY___ ╔════════════════════════════════════════════════════════════╗

2021-02-16 16:34:35,381 INFO     ___FILE_ONLY___ ╠═ Installing: BigQuery Command Line Tool                   ═╣

2021-02-16 16:34:35,381 INFO     ___FILE_ONLY___ ╚
2021-02-16 16:34:35,414 INFO     ___FILE_ONLY___ ═
2021-02-16 16:34:35,415 INFO     ___FILE_ONLY___ ═
2021-02-16 16:34:35,416 INFO     ___FILE_ONLY___ ═
2021-02-16 16:34:35,416 INFO     ___FILE_ONLY___ ═
2021-02-16 16:34:35,417 INFO     ___FILE_ONLY___ ═
2021-02-16 16:34:35,417 INFO     ___FILE_ONLY___ ═
2021-02-16 16:34:35,418 INFO     ___FILE_ONLY___ ═
2021-02-16 16:34:35,419 INFO     ___FILE_ONLY___ ═
2021-02-16 16:34:35,419 INFO     ___FILE_ONLY___ ═
2021-02-16 16:34:35,419 INFO     ___FILE_ONLY___ ═
2021-02-16 16:34:35,420 INFO     ___FILE_ONLY___ ═
2021-02-16 16:34:35,420 INFO     ___FILE_ONLY___ ═
2021-02-16 16:34:35,421 INFO     ___FILE_ONLY___ ═
2021-02-16 16:34:35,421 INFO     ___FILE_ONLY___ ═
2021-02-16 16:34:35,422 INFO     ___FILE_ONLY___ ═
2021-02-16 16:34:35,422 INFO     ___FILE_ONLY___ ═
2021-02-16 16:34:35,423 INFO     ___FILE_ONLY___ ═
2021-02-16 16:34:35,423 INFO     ___FILE_ONLY___ ═
2021-02-16 16:34:35,424 INFO     ___FILE_ONLY___ ═
2021-02-16 16:34:35,424 INFO     ___FILE_ONLY___ ═
2021-02-16 16:34:35,425 INFO     ___FILE_ONLY___ ═
2021-02-16 16:34:35,425 INFO     ___FILE_ONLY___ ═
2021-02-16 16:34:35,426 INFO     ___FILE_ONLY___ ═
2021-02-16 16:34:35,426 INFO     ___FILE_ONLY___ ═
2021-02-16 16:34:35,427 INFO     ___FILE_ONLY___ ═
2021-02-16 16:34:35,427 INFO     ___FILE_ONLY___ ═
2021-02-16 16:34:35,428 INFO     ___FILE_ONLY___ ═
2021-02-16 16:34:35,428 INFO     ___FILE_ONLY___ ═
2021-02-16 16:34:35,429 INFO     ___FILE_ONLY___ ═
2021-02-16 16:34:35,430 INFO     ___FILE_ONLY___ ═
2021-02-16 16:34:35,484 INFO     ___FILE_ONLY___ ═
2021-02-16 16:34:35,492 INFO     ___FILE_ONLY___ ═
2021-02-16 16:34:35,495 INFO     ___FILE_ONLY___ ═
2021-02-16 16:34:35,498 INFO     ___FILE_ONLY___ ═
2021-02-16 16:34:35,501 INFO     ___FILE_ONLY___ ═
2021-02-16 16:34:35,504 INFO     ___FILE_ONLY___ ═
2021-02-16 16:34:35,506 INFO     ___FILE_ONLY___ ═
2021-02-16 16:34:35,508 INFO     ___FILE_ONLY___ ═
2021-02-16 16:34:35,511 INFO     ___FILE_ONLY___ ═
2021-02-16 16:34:35,514 INFO     ___FILE_ONLY___ ═
2021-02-16 16:34:35,519 INFO     ___FILE_ONLY___ ═
2021-02-16 16:34:35,521 INFO     ___FILE_ONLY___ ═
2021-02-16 16:34:35,524 INFO     ___FILE_ONLY___ ═
2021-02-16 16:34:35,527 INFO     ___FILE_ONLY___ ═
2021-02-16 16:34:35,529 INFO     ___FILE_ONLY___ ═
2021-02-16 16:34:35,531 INFO     ___FILE_ONLY___ ═
2021-02-16 16:34:35,533 INFO     ___FILE_ONLY___ ═
2021-02-16 16:34:35,536 INFO     ___FILE_ONLY___ ═
2021-02-16 16:34:35,538 INFO     ___FILE_ONLY___ ═
2021-02-16 16:34:35,541 INFO     ___FILE_ONLY___ ═
2021-02-16 16:34:35,543 INFO     ___FILE_ONLY___ ═
2021-02-16 16:34:35,545 INFO     ___FILE_ONLY___ ═
2021-02-16 16:34:35,548 INFO     ___FILE_ONLY___ ═
2021-02-16 16:34:35,550 INFO     ___FILE_ONLY___ ═
2021-02-16 16:34:35,553 INFO     ___FILE_ONLY___ ═
2021-02-16 16:34:35,555 INFO     ___FILE_ONLY___ ═
2021-02-16 16:34:35,557 INFO     ___FILE_ONLY___ ═
2021-02-16 16:34:35,560 INFO     ___FILE_ONLY___ ═
2021-02-16 16:34:35,562 INFO     ___FILE_ONLY___ ═
2021-02-16 16:34:35,565 INFO     ___FILE_ONLY___ ═
2021-02-16 16:34:35,565 INFO     ___FILE_ONLY___ ╝

2021-02-16 16:34:35,580 INFO     ___FILE_ONLY___ ╔════════════════════════════════════════════════════════════╗

2021-02-16 16:34:35,581 INFO     ___FILE_ONLY___ ╠═ Installing: BigQuery Command Line Tool (Platform Spec... ═╣

2021-02-16 16:34:35,581 INFO     ___FILE_ONLY___ ╚
2021-02-16 16:34:35,617 INFO     ___FILE_ONLY___ ══════════════════════════════
2021-02-16 16:34:35,618 INFO     ___FILE_ONLY___ ══════════════════════════════
2021-02-16 16:34:35,618 INFO     ___FILE_ONLY___ ╝

2021-02-16 16:34:35,628 INFO     ___FILE_ONLY___ ╔════════════════════════════════════════════════════════════╗

2021-02-16 16:34:35,628 INFO     ___FILE_ONLY___ ╠═ Installing: Cloud SDK Core Libraries (Platform Specific) ═╣

2021-02-16 16:34:35,628 INFO     ___FILE_ONLY___ ╚
2021-02-16 16:34:35,721 INFO     ___FILE_ONLY___ ══════════════════════════════
2021-02-16 16:34:35,723 INFO     ___FILE_ONLY___ ═══════════════
2021-02-16 16:34:35,723 INFO     ___FILE_ONLY___ ═══════════════
2021-02-16 16:34:35,723 INFO     ___FILE_ONLY___ ╝

2021-02-16 16:34:35,733 INFO     ___FILE_ONLY___ ╔════════════════════════════════════════════════════════════╗

2021-02-16 16:34:35,734 INFO     ___FILE_ONLY___ ╠═ Installing: Cloud Storage Command Line Tool              ═╣

2021-02-16 16:34:35,734 INFO     ___FILE_ONLY___ ╚
2021-02-16 16:34:35,870 INFO     ___FILE_ONLY___ ═
2021-02-16 16:34:35,882 INFO     ___FILE_ONLY___ ═
2021-02-16 16:34:35,889 INFO     ___FILE_ONLY___ ═
2021-02-16 16:34:35,894 INFO     ___FILE_ONLY___ ═
2021-02-16 16:34:35,898 INFO     ___FILE_ONLY___ ═
2021-02-16 16:34:35,901 INFO     ___FILE_ONLY___ ═
2021-02-16 16:34:35,904 INFO     ___FILE_ONLY___ ═
2021-02-16 16:34:35,906 INFO     ___FILE_ONLY___ ═
2021-02-16 16:34:35,908 INFO     ___FILE_ONLY___ ═
2021-02-16 16:34:35,910 INFO     ___FILE_ONLY___ ═
2021-02-16 16:34:35,912 INFO     ___FILE_ONLY___ ═
2021-02-16 16:34:35,913 INFO     ___FILE_ONLY___ ═
2021-02-16 16:34:35,914 INFO     ___FILE_ONLY___ ═
2021-02-16 16:34:35,916 INFO     ___FILE_ONLY___ ═
2021-02-16 16:34:35,917 INFO     ___FILE_ONLY___ ═
2021-02-16 16:34:35,918 INFO     ___FILE_ONLY___ ═
2021-02-16 16:34:35,919 INFO     ___FILE_ONLY___ ═
2021-02-16 16:34:35,920 INFO     ___FILE_ONLY___ ═
2021-02-16 16:34:35,921 INFO     ___FILE_ONLY___ ═
2021-02-16 16:34:35,922 INFO     ___FILE_ONLY___ ═
2021-02-16 16:34:35,923 INFO     ___FILE_ONLY___ ═
2021-02-16 16:34:35,924 INFO     ___FILE_ONLY___ ═
2021-02-16 16:34:35,929 INFO     ___FILE_ONLY___ ═
2021-02-16 16:34:35,930 INFO     ___FILE_ONLY___ ═
2021-02-16 16:34:35,931 INFO     ___FILE_ONLY___ ═
2021-02-16 16:34:35,932 INFO     ___FILE_ONLY___ ═
2021-02-16 16:34:35,932 INFO     ___FILE_ONLY___ ═
2021-02-16 16:34:35,933 INFO     ___FILE_ONLY___ ═
2021-02-16 16:34:35,934 INFO     ___FILE_ONLY___ ═
2021-02-16 16:34:35,936 INFO     ___FILE_ONLY___ ═
2021-02-16 16:34:36,219 INFO     ___FILE_ONLY___ ═
2021-02-16 16:34:36,233 INFO     ___FILE_ONLY___ ═
2021-02-16 16:34:36,251 INFO     ___FILE_ONLY___ ═
2021-02-16 16:34:36,265 INFO     ___FILE_ONLY___ ═
2021-02-16 16:34:36,276 INFO     ___FILE_ONLY___ ═
2021-02-16 16:34:36,288 INFO     ___FILE_ONLY___ ═
2021-02-16 16:34:36,301 INFO     ___FILE_ONLY___ ═
2021-02-16 16:34:36,321 INFO     ___FILE_ONLY___ ═
2021-02-16 16:34:36,338 INFO     ___FILE_ONLY___ ═
2021-02-16 16:34:36,351 INFO     ___FILE_ONLY___ ═
2021-02-16 16:34:36,365 INFO     ___FILE_ONLY___ ═
2021-02-16 16:34:36,379 INFO     ___FILE_ONLY___ ═
2021-02-16 16:34:36,403 INFO     ___FILE_ONLY___ ═
2021-02-16 16:34:36,422 INFO     ___FILE_ONLY___ ═
2021-02-16 16:34:36,436 INFO     ___FILE_ONLY___ ═
2021-02-16 16:34:36,448 INFO     ___FILE_ONLY___ ═
2021-02-16 16:34:36,466 INFO     ___FILE_ONLY___ ═
2021-02-16 16:34:36,481 INFO     ___FILE_ONLY___ ═
2021-02-16 16:34:36,500 INFO     ___FILE_ONLY___ ═
2021-02-16 16:34:36,517 INFO     ___FILE_ONLY___ ═
2021-02-16 16:34:36,536 INFO     ___FILE_ONLY___ ═
2021-02-16 16:34:36,554 INFO     ___FILE_ONLY___ ═
2021-02-16 16:34:36,569 INFO     ___FILE_ONLY___ ═
2021-02-16 16:34:36,581 INFO     ___FILE_ONLY___ ═
2021-02-16 16:34:36,593 INFO     ___FILE_ONLY___ ═
2021-02-16 16:34:36,605 INFO     ___FILE_ONLY___ ═
2021-02-16 16:34:36,619 INFO     ___FILE_ONLY___ ═
2021-02-16 16:34:36,633 INFO     ___FILE_ONLY___ ═
2021-02-16 16:34:36,654 INFO     ___FILE_ONLY___ ═
2021-02-16 16:34:36,673 INFO     ___FILE_ONLY___ ═
2021-02-16 16:34:36,674 INFO     ___FILE_ONLY___ ╝

2021-02-16 16:34:36,732 INFO     ___FILE_ONLY___ ╔════════════════════════════════════════════════════════════╗

2021-02-16 16:34:36,732 INFO     ___FILE_ONLY___ ╠═ Installing: Cloud Storage Command Line Tool (Platform... ═╣

2021-02-16 16:34:36,732 INFO     ___FILE_ONLY___ ╚
2021-02-16 16:34:36,827 INFO     ___FILE_ONLY___ ══════════════════════════════
2021-02-16 16:34:36,828 INFO     ___FILE_ONLY___ ══════════════════════════════
2021-02-16 16:34:36,829 INFO     ___FILE_ONLY___ ╝

2021-02-16 16:34:36,839 INFO     ___FILE_ONLY___ ╔════════════════════════════════════════════════════════════╗

2021-02-16 16:34:36,839 INFO     ___FILE_ONLY___ ╠═ Installing: Default set of gcloud commands               ═╣

2021-02-16 16:34:36,839 INFO     ___FILE_ONLY___ ╚
2021-02-16 16:34:36,845 INFO     ___FILE_ONLY___ ════════════════════════════════════════════════════════════
2021-02-16 16:34:36,845 INFO     ___FILE_ONLY___ ╝

2021-02-16 16:34:36,849 INFO     ___FILE_ONLY___ ╔════════════════════════════════════════════════════════════╗

2021-02-16 16:34:36,849 INFO     ___FILE_ONLY___ ╠═ Installing: Kuberun                                      ═╣

2021-02-16 16:34:36,849 INFO     ___FILE_ONLY___ ╚
2021-02-16 16:34:36,962 INFO     ___FILE_ONLY___ ═
2021-02-16 16:34:36,974 INFO     ___FILE_ONLY___ ═
2021-02-16 16:34:36,982 INFO     ___FILE_ONLY___ ═
2021-02-16 16:34:36,988 INFO     ___FILE_ONLY___ ═
2021-02-16 16:34:36,991 INFO     ___FILE_ONLY___ ═
2021-02-16 16:34:36,995 INFO     ___FILE_ONLY___ ═
2021-02-16 16:34:36,999 INFO     ___FILE_ONLY___ ═
2021-02-16 16:34:37,003 INFO     ___FILE_ONLY___ ═
2021-02-16 16:34:37,007 INFO     ___FILE_ONLY___ ═
2021-02-16 16:34:37,011 INFO     ___FILE_ONLY___ ═
2021-02-16 16:34:37,017 INFO     ___FILE_ONLY___ ═
2021-02-16 16:34:37,023 INFO     ___FILE_ONLY___ ═
2021-02-16 16:34:37,026 INFO     ___FILE_ONLY___ ═
2021-02-16 16:34:37,035 INFO     ___FILE_ONLY___ ═
2021-02-16 16:34:37,038 INFO     ___FILE_ONLY___ ═
2021-02-16 16:34:37,042 INFO     ___FILE_ONLY___ ═
2021-02-16 16:34:37,045 INFO     ___FILE_ONLY___ ═
2021-02-16 16:34:37,049 INFO     ___FILE_ONLY___ ═
2021-02-16 16:34:37,060 INFO     ___FILE_ONLY___ ═
2021-02-16 16:34:37,064 INFO     ___FILE_ONLY___ ═
2021-02-16 16:34:37,067 INFO     ___FILE_ONLY___ ═
2021-02-16 16:34:37,070 INFO     ___FILE_ONLY___ ═
2021-02-16 16:34:37,077 INFO     ___FILE_ONLY___ ═
2021-02-16 16:34:37,080 INFO     ___FILE_ONLY___ ═
2021-02-16 16:34:37,084 INFO     ___FILE_ONLY___ ═
2021-02-16 16:34:37,092 INFO     ___FILE_ONLY___ ═
2021-02-16 16:34:37,095 INFO     ___FILE_ONLY___ ═
2021-02-16 16:34:37,099 INFO     ___FILE_ONLY___ ═
2021-02-16 16:34:37,103 INFO     ___FILE_ONLY___ ═
2021-02-16 16:34:37,107 INFO     ___FILE_ONLY___ ═
2021-02-16 16:34:38,001 INFO     ___FILE_ONLY___ ═
2021-02-16 16:34:38,001 INFO     ___FILE_ONLY___ ═
2021-02-16 16:34:38,002 INFO     ___FILE_ONLY___ ═
2021-02-16 16:34:38,002 INFO     ___FILE_ONLY___ ═
2021-02-16 16:34:38,002 INFO     ___FILE_ONLY___ ═
2021-02-16 16:34:38,003 INFO     ___FILE_ONLY___ ═
2021-02-16 16:34:38,003 INFO     ___FILE_ONLY___ ══
2021-02-16 16:34:38,004 INFO     ___FILE_ONLY___ ═
2021-02-16 16:34:38,004 INFO     ___FILE_ONLY___ ═
2021-02-16 16:34:38,004 INFO     ___FILE_ONLY___ ═
2021-02-16 16:34:38,005 INFO     ___FILE_ONLY___ ═
2021-02-16 16:34:38,005 INFO     ___FILE_ONLY___ ═
2021-02-16 16:34:38,005 INFO     ___FILE_ONLY___ ══
2021-02-16 16:34:38,006 INFO     ___FILE_ONLY___ ═
2021-02-16 16:34:38,006 INFO     ___FILE_ONLY___ ═
2021-02-16 16:34:38,006 INFO     ___FILE_ONLY___ ═
2021-02-16 16:34:38,007 INFO     ___FILE_ONLY___ ═
2021-02-16 16:34:38,007 INFO     ___FILE_ONLY___ ═
2021-02-16 16:34:38,008 INFO     ___FILE_ONLY___ ═
2021-02-16 16:34:38,008 INFO     ___FILE_ONLY___ ══
2021-02-16 16:34:38,008 INFO     ___FILE_ONLY___ ═
2021-02-16 16:34:38,009 INFO     ___FILE_ONLY___ ═
2021-02-16 16:34:38,009 INFO     ___FILE_ONLY___ ═
2021-02-16 16:34:38,009 INFO     ___FILE_ONLY___ ═
2021-02-16 16:34:38,010 INFO     ___FILE_ONLY___ ═
2021-02-16 16:34:38,011 INFO     ___FILE_ONLY___ ══
2021-02-16 16:34:38,011 INFO     ___FILE_ONLY___ ╝

2021-02-16 16:34:38,026 INFO     ___FILE_ONLY___ ╔════════════════════════════════════════════════════════════╗

2021-02-16 16:34:38,026 INFO     ___FILE_ONLY___ ╠═ Installing: Kuberun                                      ═╣

2021-02-16 16:34:38,026 INFO     ___FILE_ONLY___ ╚
2021-02-16 16:34:38,032 INFO     ___FILE_ONLY___ ════════════════════════════════════════════════════════════
2021-02-16 16:34:38,032 INFO     ___FILE_ONLY___ ╝

2021-02-16 16:34:38,036 INFO     ___FILE_ONLY___ ╔════════════════════════════════════════════════════════════╗

2021-02-16 16:34:38,036 INFO     ___FILE_ONLY___ ╠═ Installing: anthoscli                                    ═╣

2021-02-16 16:34:38,037 INFO     ___FILE_ONLY___ ╚
2021-02-16 16:34:38,042 INFO     ___FILE_ONLY___ ════════════════════════════════════════════════════════════
2021-02-16 16:34:38,042 INFO     ___FILE_ONLY___ ╝

2021-02-16 16:34:38,046 INFO     ___FILE_ONLY___ ╔════════════════════════════════════════════════════════════╗

2021-02-16 16:34:38,046 INFO     ___FILE_ONLY___ ╠═ Installing: anthoscli                                    ═╣

2021-02-16 16:34:38,046 INFO     ___FILE_ONLY___ ╚
2021-02-16 16:34:38,157 INFO     ___FILE_ONLY___ ═
2021-02-16 16:34:38,165 INFO     ___FILE_ONLY___ ═
2021-02-16 16:34:38,172 INFO     ___FILE_ONLY___ ═
2021-02-16 16:34:38,178 INFO     ___FILE_ONLY___ ═
2021-02-16 16:34:38,185 INFO     ___FILE_ONLY___ ═
2021-02-16 16:34:38,191 INFO     ___FILE_ONLY___ ═
2021-02-16 16:34:38,198 INFO     ___FILE_ONLY___ ═
2021-02-16 16:34:38,205 INFO     ___FILE_ONLY___ ═
2021-02-16 16:34:38,211 INFO     ___FILE_ONLY___ ═
2021-02-16 16:34:38,217 INFO     ___FILE_ONLY___ ═
2021-02-16 16:34:38,224 INFO     ___FILE_ONLY___ ═
2021-02-16 16:34:38,230 INFO     ___FILE_ONLY___ ═
2021-02-16 16:34:38,236 INFO     ___FILE_ONLY___ ═
2021-02-16 16:34:38,243 INFO     ___FILE_ONLY___ ═
2021-02-16 16:34:38,249 INFO     ___FILE_ONLY___ ═
2021-02-16 16:34:38,256 INFO     ___FILE_ONLY___ ═
2021-02-16 16:34:38,262 INFO     ___FILE_ONLY___ ═
2021-02-16 16:34:38,268 INFO     ___FILE_ONLY___ ═
2021-02-16 16:34:38,274 INFO     ___FILE_ONLY___ ═
2021-02-16 16:34:38,281 INFO     ___FILE_ONLY___ ═
2021-02-16 16:34:38,287 INFO     ___FILE_ONLY___ ═
2021-02-16 16:34:38,293 INFO     ___FILE_ONLY___ ═
2021-02-16 16:34:38,299 INFO     ___FILE_ONLY___ ═
2021-02-16 16:34:38,306 INFO     ___FILE_ONLY___ ═
2021-02-16 16:34:38,312 INFO     ___FILE_ONLY___ ═
2021-02-16 16:34:38,318 INFO     ___FILE_ONLY___ ═
2021-02-16 16:34:38,325 INFO     ___FILE_ONLY___ ═
2021-02-16 16:34:38,331 INFO     ___FILE_ONLY___ ═
2021-02-16 16:34:38,337 INFO     ___FILE_ONLY___ ═
2021-02-16 16:34:38,344 INFO     ___FILE_ONLY___ ═
2021-02-16 16:34:40,304 INFO     ___FILE_ONLY___ ══════════
2021-02-16 16:34:40,309 INFO     ___FILE_ONLY___ ═════════
2021-02-16 16:34:40,332 INFO     ___FILE_ONLY___ ═══════════
2021-02-16 16:34:40,332 INFO     ___FILE_ONLY___ ╝

2021-02-16 16:34:40,351 INFO     ___FILE_ONLY___ ╔════════════════════════════════════════════════════════════╗

2021-02-16 16:34:40,351 INFO     ___FILE_ONLY___ ╠═ Installing: gcloud cli dependencies                      ═╣

2021-02-16 16:34:40,351 INFO     ___FILE_ONLY___ ╚
2021-02-16 16:34:40,457 INFO     ___FILE_ONLY___ ══════════════════════════════
2021-02-16 16:34:40,458 INFO     ___FILE_ONLY___ ══════
2021-02-16 16:34:40,459 INFO     ___FILE_ONLY___ ══════
2021-02-16 16:34:40,459 INFO     ___FILE_ONLY___ ══════
2021-02-16 16:34:40,459 INFO     ___FILE_ONLY___ ══════
2021-02-16 16:34:40,459 INFO     ___FILE_ONLY___ ══════
2021-02-16 16:34:40,460 INFO     ___FILE_ONLY___ ╝

2021-02-16 16:34:40,470 INFO     ___FILE_ONLY___ ╔════════════════════════════════════════════════════════════╗

2021-02-16 16:34:40,470 INFO     ___FILE_ONLY___ ╠═ Creating backup and activating new installation          ═╣

2021-02-16 16:34:40,470 INFO     ___FILE_ONLY___ ╚
2021-02-16 16:34:40,470 DEBUG    root            Attempting to move directory [/tools/google-cloud-sdk] to [/tools/google-cloud-sdk.staging/.install/.backup]
2021-02-16 16:34:40,471 INFO     ___FILE_ONLY___ ══════════════════════════════
2021-02-16 16:34:40,471 DEBUG    root            Attempting to move directory [/tools/google-cloud-sdk.staging] to [/tools/google-cloud-sdk]
2021-02-16 16:34:40,471 INFO     ___FILE_ONLY___ ══════════════════════════════
2021-02-16 16:34:40,471 INFO     ___FILE_ONLY___ ╝

2021-02-16 16:34:40,476 DEBUG    root            Updating notification cache...
2021-02-16 16:34:40,476 INFO     ___FILE_ONLY___ 

2021-02-16 16:34:40,480 INFO     ___FILE_ONLY___ Performing post processing steps...
2021-02-16 16:34:40,481 DEBUG    root            Executing command: ['python3', '-S', '/tools/google-cloud-sdk/lib/gcloud.py', 'components', 'post-process']
2021-02-16 16:34:55,238 DEBUG    ___FILE_ONLY___ 
2021-02-16 16:34:55,238 DEBUG    ___FILE_ONLY___ 
2021-02-16 16:34:55,253 INFO     ___FILE_ONLY___ 
Update done!


2021-02-16 16:34:55,258 INFO     root            Display format: "none"
